# JRE version: Java(TM) SE Runtime Environment (8.0_92-b14) (build 1.8.0_92-b14)
# Java VM: Java HotSpot(TM) 64-Bit Server VM (25.92-b14 mixed mode windows-amd64 compressed oops)
Heap:
 PSYoungGen      total 168448K, used 115440K [0x000000076b500000, 0x000000077ad00000, 0x00000007c0000000)
  eden space 154112K, 65% used [0x000000076b500000,0x00000007717bfb58,0x0000000774b80000)
  from space 14336K, 99% used [0x0000000774b80000,0x000000077597c6d8,0x0000000775980000)
  to   space 17408K, 0% used [0x0000000779c00000,0x0000000779c00000,0x000000077ad00000)
 ParOldGen       total 165376K, used 20385K [0x00000006c1e00000, 0x00000006cbf80000, 0x000000076b500000)
  object space 165376K, 12% used [0x00000006c1e00000,0x00000006c31e84f0,0x00000006cbf80000)
 Metaspace       used 50007K, capacity 52702K, committed 52864K, reserved 1095680K
  class space    used 6969K, capacity 7463K, committed 7552K, reserved 1048576K
GC Heap History (10 events):
Event: 4.343 GC heap before
{Heap before GC invocations=5 (full 1):
 PSYoungGen      total 76288K, used 65536K [0x000000076b500000, 0x0000000774a00000, 0x00000007c0000000)
  eden space 65536K, 100% used [0x000000076b500000,0x000000076f500000,0x000000076f500000)
  from space 10752K, 0% used [0x000000076f500000,0x000000076f500000,0x000000076ff80000)
  to   space 10752K, 0% used [0x0000000773f80000,0x0000000773f80000,0x0000000774a00000)
 ParOldGen       total 100864K, used 6437K [0x00000006c1e00000, 0x00000006c8080000, 0x000000076b500000)
  object space 100864K, 6% used [0x00000006c1e00000,0x00000006c2449480,0x00000006c8080000)
 Metaspace       used 23546K, capacity 24564K, committed 24704K, reserved 1071104K
  class space    used 3173K, capacity 3407K, committed 3456K, reserved 1048576K
Event: 4.347 GC heap after
Heap after GC invocations=5 (full 1):
 PSYoungGen      total 105472K, used 5776K [0x000000076b500000, 0x0000000774580000, 0x00000007c0000000)
  eden space 99328K, 0% used [0x000000076b500000,0x000000076b500000,0x0000000771600000)
  from space 6144K, 94% used [0x0000000773f80000,0x0000000774524158,0x0000000774580000)
  to   space 10752K, 0% used [0x0000000773080000,0x0000000773080000,0x0000000773b00000)
 ParOldGen       total 100864K, used 6437K [0x00000006c1e00000, 0x00000006c8080000, 0x000000076b500000)
  object space 100864K, 6% used [0x00000006c1e00000,0x00000006c2449480,0x00000006c8080000)
 Metaspace       used 23546K, capacity 24564K, committed 24704K, reserved 1071104K
  class space    used 3173K, capacity 3407K, committed 3456K, reserved 1048576K
}
Event: 5.065 GC heap before
{Heap before GC invocations=6 (full 1):
 PSYoungGen      total 105472K, used 105104K [0x000000076b500000, 0x0000000774580000, 0x00000007c0000000)
  eden space 99328K, 100% used [0x000000076b500000,0x0000000771600000,0x0000000771600000)
  from space 6144K, 94% used [0x0000000773f80000,0x0000000774524158,0x0000000774580000)
  to   space 10752K, 0% used [0x0000000773080000,0x0000000773080000,0x0000000773b00000)
 ParOldGen       total 100864K, used 6437K [0x00000006c1e00000, 0x00000006c8080000, 0x000000076b500000)
  object space 100864K, 6% used [0x00000006c1e00000,0x00000006c2449480,0x00000006c8080000)
 Metaspace       used 27358K, capacity 28470K, committed 28672K, reserved 1073152K
  class space    used 3734K, capacity 3972K, committed 4096K, reserved 1048576K
Event: 5.081 GC heap after
Heap after GC invocations=6 (full 1):
 PSYoungGen      total 137216K, used 10115K [0x000000076b500000, 0x0000000776500000, 0x00000007c0000000)
  eden space 126464K, 0% used [0x000000076b500000,0x000000076b500000,0x0000000773080000)
  from space 10752K, 94% used [0x0000000773080000,0x0000000773a60ec8,0x0000000773b00000)
  to   space 11776K, 0% used [0x0000000775980000,0x0000000775980000,0x0000000776500000)
 ParOldGen       total 100864K, used 6445K [0x00000006c1e00000, 0x00000006c8080000, 0x000000076b500000)
  object space 100864K, 6% used [0x00000006c1e00000,0x00000006c244b480,0x00000006c8080000)
 Metaspace       used 27358K, capacity 28470K, committed 28672K, reserved 1073152K
  class space    used 3734K, capacity 3972K, committed 4096K, reserved 1048576K
}
Event: 7.354 GC heap before
{Heap before GC invocations=7 (full 1):
 PSYoungGen      total 137216K, used 108132K [0x000000076b500000, 0x0000000776500000, 0x00000007c0000000)
  eden space 126464K, 77% used [0x000000076b500000,0x00000007714b8288,0x0000000773080000)
  from space 10752K, 94% used [0x0000000773080000,0x0000000773a60ec8,0x0000000773b00000)
  to   space 11776K, 0% used [0x0000000775980000,0x0000000775980000,0x0000000776500000)
 ParOldGen       total 100864K, used 6445K [0x00000006c1e00000, 0x00000006c8080000, 0x000000076b500000)
  object space 100864K, 6% used [0x00000006c1e00000,0x00000006c244b480,0x00000006c8080000)
 Metaspace       used 33597K, capacity 35368K, committed 35456K, reserved 1079296K
  class space    used 4564K, capacity 4927K, committed 4992K, reserved 1048576K
Event: 7.365 GC heap after
Heap after GC invocations=7 (full 1):
 PSYoungGen      total 165888K, used 11759K [0x000000076b500000, 0x0000000778e80000, 0x00000007c0000000)
  eden space 154112K, 0% used [0x000000076b500000,0x000000076b500000,0x0000000774b80000)
  from space 11776K, 99% used [0x0000000775980000,0x00000007764fbe70,0x0000000776500000)
  to   space 14336K, 0% used [0x0000000774b80000,0x0000000774b80000,0x0000000775980000)
 ParOldGen       total 100864K, used 8787K [0x00000006c1e00000, 0x00000006c8080000, 0x000000076b500000)
  object space 100864K, 8% used [0x00000006c1e00000,0x00000006c2694ff0,0x00000006c8080000)
 Metaspace       used 33597K, capacity 35368K, committed 35456K, reserved 1079296K
  class space    used 4564K, capacity 4927K, committed 4992K, reserved 1048576K
}
Event: 7.365 GC heap before
{Heap before GC invocations=8 (full 2):
 PSYoungGen      total 165888K, used 11759K [0x000000076b500000, 0x0000000778e80000, 0x00000007c0000000)
  eden space 154112K, 0% used [0x000000076b500000,0x000000076b500000,0x0000000774b80000)
  from space 11776K, 99% used [0x0000000775980000,0x00000007764fbe70,0x0000000776500000)
  to   space 14336K, 0% used [0x0000000774b80000,0x0000000774b80000,0x0000000775980000)
 ParOldGen       total 100864K, used 8787K [0x00000006c1e00000, 0x00000006c8080000, 0x000000076b500000)
  object space 100864K, 8% used [0x00000006c1e00000,0x00000006c2694ff0,0x00000006c8080000)
 Metaspace       used 33597K, capacity 35368K, committed 35456K, reserved 1079296K
  class space    used 4564K, capacity 4927K, committed 4992K, reserved 1048576K
Event: 7.438 GC heap after
Heap after GC invocations=8 (full 2):
 PSYoungGen      total 165888K, used 0K [0x000000076b500000, 0x0000000778e80000, 0x00000007c0000000)
  eden space 154112K, 0% used [0x000000076b500000,0x000000076b500000,0x0000000774b80000)
  from space 11776K, 0% used [0x0000000775980000,0x0000000775980000,0x0000000776500000)
  to   space 14336K, 0% used [0x0000000774b80000,0x0000000774b80000,0x0000000775980000)
 ParOldGen       total 165376K, used 18432K [0x00000006c1e00000, 0x00000006cbf80000, 0x000000076b500000)
  object space 165376K, 11% used [0x00000006c1e00000,0x00000006c3000270,0x00000006cbf80000)
 Metaspace       used 33597K, capacity 35368K, committed 35456K, reserved 1079296K
  class space    used 4564K, capacity 4927K, committed 4992K, reserved 1048576K
}
Event: 10.064 GC heap before
{Heap before GC invocations=9 (full 2):
 PSYoungGen      total 165888K, used 154112K [0x000000076b500000, 0x0000000778e80000, 0x00000007c0000000)
  eden space 154112K, 100% used [0x000000076b500000,0x0000000774b80000,0x0000000774b80000)
  from space 11776K, 0% used [0x0000000775980000,0x0000000775980000,0x0000000776500000)
  to   space 14336K, 0% used [0x0000000774b80000,0x0000000774b80000,0x0000000775980000)
 ParOldGen       total 165376K, used 18432K [0x00000006c1e00000, 0x00000006cbf80000, 0x000000076b500000)
  object space 165376K, 11% used [0x00000006c1e00000,0x00000006c3000270,0x00000006cbf80000)
 Metaspace       used 44539K, capacity 47014K, committed 47360K, reserved 1089536K
  class space    used 6146K, capacity 6593K, committed 6656K, reserved 1048576K
Event: 10.077 GC heap after
Heap after GC invocations=9 (full 2):
 PSYoungGen      total 168448K, used 14321K [0x000000076b500000, 0x000000077ad00000, 0x00000007c0000000)
  eden space 154112K, 0% used [0x000000076b500000,0x000000076b500000,0x0000000774b80000)
  from space 14336K, 99% used [0x0000000774b80000,0x000000077597c6d8,0x0000000775980000)
  to   space 17408K, 0% used [0x0000000779c00000,0x0000000779c00000,0x000000077ad00000)
 ParOldGen       total 165376K, used 20385K [0x00000006c1e00000, 0x00000006cbf80000, 0x000000076b500000)
  object space 165376K, 12% used [0x00000006c1e00000,0x00000006c31e84f0,0x00000006cbf80000)
 Metaspace       used 44539K, capacity 47014K, committed 47360K, reserved 1089536K
  class space    used 6146K, capacity 6593K, committed 6656K, reserved 1048576K
}

