# JRE version: Java(TM) SE Runtime Environment (8.0_92-b14) (build 1.8.0_92-b14)
# Java VM: Java HotSpot(TM) 64-Bit Server VM (25.92-b14 mixed mode windows-amd64 compressed oops)
Heap:
 PSYoungGen      total 163840K, used 68533K [0x000000076b500000, 0x000000077a780000, 0x00000007c0000000)
  eden space 150528K, 38% used [0x000000076b500000,0x000000076ed38f88,0x0000000774800000)
  from space 13312K, 82% used [0x0000000774800000,0x00000007752b4538,0x0000000775500000)
  to   space 13824K, 0% used [0x0000000779a00000,0x0000000779a00000,0x000000077a780000)
 ParOldGen       total 171520K, used 17746K [0x00000006c1e00000, 0x00000006cc580000, 0x000000076b500000)
  object space 171520K, 10% used [0x00000006c1e00000,0x00000006c2f54bb8,0x00000006cc580000)
 Metaspace       used 42590K, capacity 45172K, committed 45312K, reserved 1089536K
  class space    used 5927K, capacity 6390K, committed 6400K, reserved 1048576K
GC Heap History (10 events):
Event: 8.047 GC heap before
{Heap before GC invocations=5 (full 1):
 PSYoungGen      total 76288K, used 72662K [0x000000076b500000, 0x0000000772380000, 0x00000007c0000000)
  eden space 65536K, 100% used [0x000000076b500000,0x000000076f500000,0x000000076f500000)
  from space 10752K, 66% used [0x000000076f500000,0x000000076fbf59a8,0x000000076ff80000)
  to   space 10752K, 0% used [0x0000000771900000,0x0000000771900000,0x0000000772380000)
 ParOldGen       total 111104K, used 9010K [0x00000006c1e00000, 0x00000006c8a80000, 0x000000076b500000)
  object space 111104K, 8% used [0x00000006c1e00000,0x00000006c26ccbe8,0x00000006c8a80000)
 Metaspace       used 25863K, capacity 26870K, committed 27136K, reserved 1073152K
  class space    used 3529K, capacity 3780K, committed 3840K, reserved 1048576K
Event: 8.064 GC heap after
Heap after GC invocations=5 (full 1):
 PSYoungGen      total 102400K, used 7734K [0x000000076b500000, 0x0000000773480000, 0x00000007c0000000)
  eden space 91648K, 0% used [0x000000076b500000,0x000000076b500000,0x0000000770e80000)
  from space 10752K, 71% used [0x0000000771900000,0x000000077208d9e8,0x0000000772380000)
  to   space 10752K, 0% used [0x0000000770e80000,0x0000000770e80000,0x0000000771900000)
 ParOldGen       total 111104K, used 9018K [0x00000006c1e00000, 0x00000006c8a80000, 0x000000076b500000)
  object space 111104K, 8% used [0x00000006c1e00000,0x00000006c26cebe8,0x00000006c8a80000)
 Metaspace       used 25863K, capacity 26870K, committed 27136K, reserved 1073152K
  class space    used 3529K, capacity 3780K, committed 3840K, reserved 1048576K
}
Event: 8.935 GC heap before
{Heap before GC invocations=6 (full 1):
 PSYoungGen      total 102400K, used 99382K [0x000000076b500000, 0x0000000773480000, 0x00000007c0000000)
  eden space 91648K, 100% used [0x000000076b500000,0x0000000770e80000,0x0000000770e80000)
  from space 10752K, 71% used [0x0000000771900000,0x000000077208d9e8,0x0000000772380000)
  to   space 10752K, 0% used [0x0000000770e80000,0x0000000770e80000,0x0000000771900000)
 ParOldGen       total 111104K, used 9018K [0x00000006c1e00000, 0x00000006c8a80000, 0x000000076b500000)
  object space 111104K, 8% used [0x00000006c1e00000,0x00000006c26cebe8,0x00000006c8a80000)
 Metaspace       used 29122K, capacity 30298K, committed 30464K, reserved 1075200K
  class space    used 4036K, capacity 4292K, committed 4352K, reserved 1048576K
Event: 8.946 GC heap after
Heap after GC invocations=6 (full 1):
 PSYoungGen      total 102400K, used 10724K [0x000000076b500000, 0x0000000776080000, 0x00000007c0000000)
  eden space 91648K, 0% used [0x000000076b500000,0x000000076b500000,0x0000000770e80000)
  from space 10752K, 99% used [0x0000000770e80000,0x00000007718f9238,0x0000000771900000)
  to   space 11776K, 0% used [0x0000000775500000,0x0000000775500000,0x0000000776080000)
 ParOldGen       total 111104K, used 9588K [0x00000006c1e00000, 0x00000006c8a80000, 0x000000076b500000)
  object space 111104K, 8% used [0x00000006c1e00000,0x00000006c275d2c0,0x00000006c8a80000)
 Metaspace       used 29122K, capacity 30298K, committed 30464K, reserved 1075200K
  class space    used 4036K, capacity 4292K, committed 4352K, reserved 1048576K
}
Event: 9.554 GC heap before
{Heap before GC invocations=7 (full 1):
 PSYoungGen      total 102400K, used 62884K [0x000000076b500000, 0x0000000776080000, 0x00000007c0000000)
  eden space 91648K, 56% used [0x000000076b500000,0x000000076e7eff30,0x0000000770e80000)
  from space 10752K, 99% used [0x0000000770e80000,0x00000007718f9238,0x0000000771900000)
  to   space 11776K, 0% used [0x0000000775500000,0x0000000775500000,0x0000000776080000)
 ParOldGen       total 111104K, used 9588K [0x00000006c1e00000, 0x00000006c8a80000, 0x000000076b500000)
  object space 111104K, 8% used [0x00000006c1e00000,0x00000006c275d2c0,0x00000006c8a80000)
 Metaspace       used 33769K, capacity 35384K, committed 35456K, reserved 1079296K
  class space    used 4591K, capacity 4923K, committed 4992K, reserved 1048576K
Event: 9.565 GC heap after
Heap after GC invocations=7 (full 1):
 PSYoungGen      total 162304K, used 11756K [0x000000076b500000, 0x0000000776580000, 0x00000007c0000000)
  eden space 150528K, 0% used [0x000000076b500000,0x000000076b500000,0x0000000774800000)
  from space 11776K, 99% used [0x0000000775500000,0x000000077607b2d0,0x0000000776080000)
  to   space 13312K, 0% used [0x0000000774800000,0x0000000774800000,0x0000000775500000)
 ParOldGen       total 111104K, used 10588K [0x00000006c1e00000, 0x00000006c8a80000, 0x000000076b500000)
  object space 111104K, 9% used [0x00000006c1e00000,0x00000006c2857268,0x00000006c8a80000)
 Metaspace       used 33769K, capacity 35384K, committed 35456K, reserved 1079296K
  class space    used 4591K, capacity 4923K, committed 4992K, reserved 1048576K
}
Event: 9.565 GC heap before
{Heap before GC invocations=8 (full 2):
 PSYoungGen      total 162304K, used 11756K [0x000000076b500000, 0x0000000776580000, 0x00000007c0000000)
  eden space 150528K, 0% used [0x000000076b500000,0x000000076b500000,0x0000000774800000)
  from space 11776K, 99% used [0x0000000775500000,0x000000077607b2d0,0x0000000776080000)
  to   space 13312K, 0% used [0x0000000774800000,0x0000000774800000,0x0000000775500000)
 ParOldGen       total 111104K, used 10588K [0x00000006c1e00000, 0x00000006c8a80000, 0x000000076b500000)
  object space 111104K, 9% used [0x00000006c1e00000,0x00000006c2857268,0x00000006c8a80000)
 Metaspace       used 33769K, capacity 35384K, committed 35456K, reserved 1079296K
  class space    used 4591K, capacity 4923K, committed 4992K, reserved 1048576K
Event: 9.648 GC heap after
Heap after GC invocations=8 (full 2):
 PSYoungGen      total 162304K, used 0K [0x000000076b500000, 0x0000000776580000, 0x00000007c0000000)
  eden space 150528K, 0% used [0x000000076b500000,0x000000076b500000,0x0000000774800000)
  from space 11776K, 0% used [0x0000000775500000,0x0000000775500000,0x0000000776080000)
  to   space 13312K, 0% used [0x0000000774800000,0x0000000774800000,0x0000000775500000)
 ParOldGen       total 171520K, used 17738K [0x00000006c1e00000, 0x00000006cc580000, 0x000000076b500000)
  object space 171520K, 10% used [0x00000006c1e00000,0x00000006c2f52bb8,0x00000006cc580000)
 Metaspace       used 33769K, capacity 35384K, committed 35456K, reserved 1079296K
  class space    used 4591K, capacity 4923K, committed 4992K, reserved 1048576K
}
Event: 13.107 GC heap before
{Heap before GC invocations=9 (full 2):
 PSYoungGen      total 162304K, used 150528K [0x000000076b500000, 0x0000000776580000, 0x00000007c0000000)
  eden space 150528K, 100% used [0x000000076b500000,0x0000000774800000,0x0000000774800000)
  from space 11776K, 0% used [0x0000000775500000,0x0000000775500000,0x0000000776080000)
  to   space 13312K, 0% used [0x0000000774800000,0x0000000774800000,0x0000000775500000)
 ParOldGen       total 171520K, used 17738K [0x00000006c1e00000, 0x00000006cc580000, 0x000000076b500000)
  object space 171520K, 10% used [0x00000006c1e00000,0x00000006c2f52bb8,0x00000006cc580000)
 Metaspace       used 39976K, capacity 42222K, committed 42368K, reserved 1085440K
  class space    used 5526K, capacity 5962K, committed 6016K, reserved 1048576K
Event: 13.126 GC heap after
Heap after GC invocations=9 (full 2):
 PSYoungGen      total 163840K, used 10961K [0x000000076b500000, 0x000000077a780000, 0x00000007c0000000)
  eden space 150528K, 0% used [0x000000076b500000,0x000000076b500000,0x0000000774800000)
  from space 13312K, 82% used [0x0000000774800000,0x00000007752b4538,0x0000000775500000)
  to   space 13824K, 0% used [0x0000000779a00000,0x0000000779a00000,0x000000077a780000)
 ParOldGen       total 171520K, used 17746K [0x00000006c1e00000, 0x00000006cc580000, 0x000000076b500000)
  object space 171520K, 10% used [0x00000006c1e00000,0x00000006c2f54bb8,0x00000006cc580000)
 Metaspace       used 39976K, capacity 42222K, committed 42368K, reserved 1085440K
  class space    used 5526K, capacity 5962K, committed 6016K, reserved 1048576K
}

