# JRE version: Java(TM) SE Runtime Environment (8.0_92-b14) (build 1.8.0_92-b14)
# Java VM: Java HotSpot(TM) 64-Bit Server VM (25.92-b14 mixed mode windows-amd64 compressed oops)
Heap:
 PSYoungGen      total 141824K, used 63330K [0x000000076b500000, 0x0000000774a00000, 0x00000007c0000000)
  eden space 131072K, 42% used [0x000000076b500000,0x000000076ebc03b0,0x0000000773500000)
  from space 10752K, 67% used [0x0000000773f80000,0x0000000774698718,0x0000000774a00000)
  to   space 10752K, 0% used [0x0000000773500000,0x0000000773500000,0x0000000773f80000)
 ParOldGen       total 175104K, used 16K [0x00000006c1e00000, 0x00000006cc900000, 0x000000076b500000)
  object space 175104K, 0% used [0x00000006c1e00000,0x00000006c1e04000,0x00000006cc900000)
 Metaspace       used 16516K, capacity 16714K, committed 16896K, reserved 1064960K
  class space    used 1955K, capacity 2037K, committed 2048K, reserved 1048576K
GC Heap History (4 events):
Event: 4.684 GC heap before
{Heap before GC invocations=1 (full 0):
 PSYoungGen      total 76288K, used 65536K [0x000000076b500000, 0x0000000770a00000, 0x00000007c0000000)
  eden space 65536K, 100% used [0x000000076b500000,0x000000076f500000,0x000000076f500000)
  from space 10752K, 0% used [0x000000076ff80000,0x000000076ff80000,0x0000000770a00000)
  to   space 10752K, 0% used [0x000000076f500000,0x000000076f500000,0x000000076ff80000)
 ParOldGen       total 175104K, used 0K [0x00000006c1e00000, 0x00000006cc900000, 0x000000076b500000)
  object space 175104K, 0% used [0x00000006c1e00000,0x00000006c1e00000,0x00000006cc900000)
 Metaspace       used 10232K, capacity 10334K, committed 10496K, reserved 1058816K
  class space    used 1189K, capacity 1209K, committed 1280K, reserved 1048576K
Event: 4.733 GC heap after
Heap after GC invocations=1 (full 0):
 PSYoungGen      total 76288K, used 5806K [0x000000076b500000, 0x0000000774a00000, 0x00000007c0000000)
  eden space 65536K, 0% used [0x000000076b500000,0x000000076b500000,0x000000076f500000)
  from space 10752K, 54% used [0x000000076f500000,0x000000076faabbc0,0x000000076ff80000)
  to   space 10752K, 0% used [0x0000000773f80000,0x0000000773f80000,0x0000000774a00000)
 ParOldGen       total 175104K, used 8K [0x00000006c1e00000, 0x00000006cc900000, 0x000000076b500000)
  object space 175104K, 0% used [0x00000006c1e00000,0x00000006c1e02000,0x00000006cc900000)
 Metaspace       used 10232K, capacity 10334K, committed 10496K, reserved 1058816K
  class space    used 1189K, capacity 1209K, committed 1280K, reserved 1048576K
}
Event: 6.351 GC heap before
{Heap before GC invocations=2 (full 0):
 PSYoungGen      total 76288K, used 71342K [0x000000076b500000, 0x0000000774a00000, 0x00000007c0000000)
  eden space 65536K, 100% used [0x000000076b500000,0x000000076f500000,0x000000076f500000)
  from space 10752K, 54% used [0x000000076f500000,0x000000076faabbc0,0x000000076ff80000)
  to   space 10752K, 0% used [0x0000000773f80000,0x0000000773f80000,0x0000000774a00000)
 ParOldGen       total 175104K, used 8K [0x00000006c1e00000, 0x00000006cc900000, 0x000000076b500000)
  object space 175104K, 0% used [0x00000006c1e00000,0x00000006c1e02000,0x00000006cc900000)
 Metaspace       used 13750K, capacity 13930K, committed 14080K, reserved 1060864K
  class space    used 1632K, capacity 1701K, committed 1792K, reserved 1048576K
Event: 6.372 GC heap after
Heap after GC invocations=2 (full 0):
 PSYoungGen      total 141824K, used 7265K [0x000000076b500000, 0x0000000774a00000, 0x00000007c0000000)
  eden space 131072K, 0% used [0x000000076b500000,0x000000076b500000,0x0000000773500000)
  from space 10752K, 67% used [0x0000000773f80000,0x0000000774698718,0x0000000774a00000)
  to   space 10752K, 0% used [0x0000000773500000,0x0000000773500000,0x0000000773f80000)
 ParOldGen       total 175104K, used 16K [0x00000006c1e00000, 0x00000006cc900000, 0x000000076b500000)
  object space 175104K, 0% used [0x00000006c1e00000,0x00000006c1e04000,0x00000006cc900000)
 Metaspace       used 13750K, capacity 13930K, committed 14080K, reserved 1060864K
  class space    used 1632K, capacity 1701K, committed 1792K, reserved 1048576K
}

